<!DOCTYPE html>

<html>
  <head>
  <meta charset='utf-8'>
  <title>TestNG reports</title>

    <link type="text/css" href="testng-reports1.css" rel="stylesheet" id="ultra" />
    <link type="text/css" href="testng-reports.css" rel="stylesheet" id="retro" disabled="false"/>
    <script type="text/javascript" src="jquery.min.js"></script>
    <script type="text/javascript" src="testng-reports.js"></script>
    <script type="text/javascript" src="https://www.google.com/jsapi"></script>
    <script type='text/javascript'>
      google.load('visualization', '1', {packages:['table']});
      google.setOnLoadCallback(drawTable);
      var suiteTableInitFunctions = new Array();
      var suiteTableData = new Array();
    </script>
    <!--
      <script type="text/javascript" src="jquery-ui/js/jquery-ui-1.8.16.custom.min.js"></script>
     -->
  </head>

  <body>
    <div class="top-banner-root">
      <span class="top-banner-title-font">Test results</span>
      <button id="button" class="button">Switch Retro Theme</button> <!-- button -->
      <br/>
      <span class="top-banner-font-1">1 suite, 6 failed tests</span>
    </div> <!-- top-banner-root -->
    <div class="navigator-root">
      <div class="navigator-suite-header">
        <span>All suites</span>
        <a href="#" title="Collapse/expand all the suites" class="collapse-all-link">
          <img src="collapseall.gif" class="collapse-all-icon">
          </img> <!-- collapse-all-icon -->
        </a> <!-- collapse-all-link -->
      </div> <!-- navigator-suite-header -->
      <div class="suite">
        <div class="rounded-window">
          <div class="suite-header light-rounded-window-top">
            <a href="#" panel-name="suite-Failed_suite__Sanity_Suite_" class="navigator-link">
              <span class="suite-name border-failed">Failed suite [Sanity Suite]</span>
            </a> <!-- navigator-link -->
          </div> <!-- suite-header light-rounded-window-top -->
          <div class="navigator-suite-content">
            <div class="suite-section-title">
              <span>Info</span>
            </div> <!-- suite-section-title -->
            <div class="suite-section-content">
              <ul>
                <li>
                  <a href="#" panel-name="test-xml-Failed_suite__Sanity_Suite_" class="navigator-link ">
                    <span>C:\Users\Admin\OneDrive - TRIGYN TECHNOLOGIES LIMITED\Desktop\Diksha_selenium_new(Vishwa)\Diksha_selenium_new(Vishwa)\test-output\testng-failed.xml</span>
                  </a> <!-- navigator-link  -->
                </li>
                <li>
                  <a href="#" panel-name="testlist-Failed_suite__Sanity_Suite_" class="navigator-link ">
                    <span class="test-stats">1 test</span>
                  </a> <!-- navigator-link  -->
                </li>
                <li>
                  <a href="#" panel-name="group-Failed_suite__Sanity_Suite_" class="navigator-link ">
                    <span>0 groups</span>
                  </a> <!-- navigator-link  -->
                </li>
                <li>
                  <a href="#" panel-name="times-Failed_suite__Sanity_Suite_" class="navigator-link ">
                    <span>Times</span>
                  </a> <!-- navigator-link  -->
                </li>
                <li>
                  <a href="#" panel-name="reporter-Failed_suite__Sanity_Suite_" class="navigator-link ">
                    <span>Reporter output</span>
                  </a> <!-- navigator-link  -->
                </li>
                <li>
                  <a href="#" panel-name="ignored-methods-Failed_suite__Sanity_Suite_" class="navigator-link ">
                    <span>Ignored methods</span>
                  </a> <!-- navigator-link  -->
                </li>
                <li>
                  <a href="#" panel-name="chronological-Failed_suite__Sanity_Suite_" class="navigator-link ">
                    <span>Chronological view</span>
                  </a> <!-- navigator-link  -->
                </li>
              </ul>
            </div> <!-- suite-section-content -->
            <div class="result-section">
              <div class="suite-section-title">
                <span>Results</span>
              </div> <!-- suite-section-title -->
              <div class="suite-section-content">
                <ul>
                  <li>
                    <span class="method-stats">14 methods, 6 failed,   8 passed</span>
                  </li>
                  <li>
                    <span class="method-list-title failed">Failed methods</span>
                    <span class="show-or-hide-methods failed">
                      <a href="#" panel-name="suite-Failed_suite__Sanity_Suite_" class="hide-methods failed suite-Failed_suite__Sanity_Suite_"> (hide)</a> <!-- hide-methods failed suite-Failed_suite__Sanity_Suite_ -->
                      <a href="#" panel-name="suite-Failed_suite__Sanity_Suite_" class="show-methods failed suite-Failed_suite__Sanity_Suite_"> (show)</a> <!-- show-methods failed suite-Failed_suite__Sanity_Suite_ -->
                    </span>
                    <div class="method-list-content failed suite-Failed_suite__Sanity_Suite_">
                      <span>
                        <img src="failed.png" width="3%"/>
                        <a href="#" panel-name="suite-Failed_suite__Sanity_Suite_" title="contentCreation.CreateBookAndVerify" class="method navigator-link" hash-for-method="VerifyCreatorAddAllTypesOfContent">VerifyCreatorAddAllTypesOfContent</a> <!-- method navigator-link -->
                      </span>
                      <br/>
                      <span>
                        <img src="failed.png" width="3%"/>
                        <a href="#" panel-name="suite-Failed_suite__Sanity_Suite_" title="contentCreation.CreateBookAndVerify" class="method navigator-link" hash-for-method="VerifyCreatorAddCollaboratorInTextbook">VerifyCreatorAddCollaboratorInTextbook</a> <!-- method navigator-link -->
                      </span>
                      <br/>
                      <span>
                        <img src="failed.png" width="3%"/>
                        <a href="#" panel-name="suite-Failed_suite__Sanity_Suite_" title="contentCreation.CreateQuestionSetAndVerify" class="method navigator-link" hash-for-method="VerifyCreatorCreateTwoTypesOfQuestionSetAndSendForReview">VerifyCreatorCreateTwoTypesOfQuestionSetAndSendForReview</a> <!-- method navigator-link -->
                      </span>
                      <br/>
                      <span>
                        <img src="failed.png" width="3%"/>
                        <a href="#" panel-name="suite-Failed_suite__Sanity_Suite_" title="contentCreation.FacetFilter" class="method navigator-link" hash-for-method="VerifyFiltersResetToProfileBMCValueswhenNavigatedToOtherTab">VerifyFiltersResetToProfileBMCValueswhenNavigatedToOtherTab</a> <!-- method navigator-link -->
                      </span>
                      <br/>
                      <span>
                        <img src="failed.png" width="3%"/>
                        <a href="#" panel-name="suite-Failed_suite__Sanity_Suite_" title="userOnBoarding.Guest_User" class="method navigator-link" hash-for-method="verifyBMCS_Values_In_Diffrent_Tabs">verifyBMCS_Values_In_Diffrent_Tabs</a> <!-- method navigator-link -->
                      </span>
                      <br/>
                      <span>
                        <img src="failed.png" width="3%"/>
                        <a href="#" panel-name="suite-Failed_suite__Sanity_Suite_" title="contentCreation.CreateCourseAndPublish" class="method navigator-link" hash-for-method="verifyDiscussionForumForCourse">verifyDiscussionForumForCourse</a> <!-- method navigator-link -->
                      </span>
                      <br/>
                    </div> <!-- method-list-content failed suite-Failed_suite__Sanity_Suite_ -->
                  </li>
                  <li>
                    <span class="method-list-title passed">Passed methods</span>
                    <span class="show-or-hide-methods passed">
                      <a href="#" panel-name="suite-Failed_suite__Sanity_Suite_" class="hide-methods passed suite-Failed_suite__Sanity_Suite_"> (hide)</a> <!-- hide-methods passed suite-Failed_suite__Sanity_Suite_ -->
                      <a href="#" panel-name="suite-Failed_suite__Sanity_Suite_" class="show-methods passed suite-Failed_suite__Sanity_Suite_"> (show)</a> <!-- show-methods passed suite-Failed_suite__Sanity_Suite_ -->
                    </span>
                    <div class="method-list-content passed suite-Failed_suite__Sanity_Suite_">
                      <span>
                        <img src="passed.png" width="3%"/>
                        <a href="#" panel-name="suite-Failed_suite__Sanity_Suite_" title="contentCreation.CreateCollectionsAndPublish" class="method navigator-link" hash-for-method="VerifyCreatorCreateCollectionsAndSendForReviewAndPublish">VerifyCreatorCreateCollectionsAndSendForReviewAndPublish</a> <!-- method navigator-link -->
                      </span>
                      <br/>
                      <span>
                        <img src="passed.png" width="3%"/>
                        <a href="#" panel-name="suite-Failed_suite__Sanity_Suite_" title="userOnBoarding.Guest_User" class="method navigator-link" hash-for-method="VerifyIfTheGuestUserEditBMCValuesAndSave">VerifyIfTheGuestUserEditBMCValuesAndSave</a> <!-- method navigator-link -->
                      </span>
                      <br/>
                      <span>
                        <img src="passed.png" width="3%"/>
                        <a href="#" panel-name="suite-Failed_suite__Sanity_Suite_" title="Consumption.ConsumptionScenarios" class="method navigator-link" hash-for-method="VerifyUserIsAbleToGetTheCompletionCertificate">VerifyUserIsAbleToGetTheCompletionCertificate</a> <!-- method navigator-link -->
                      </span>
                      <br/>
                      <span>
                        <img src="passed.png" width="3%"/>
                        <a href="#" panel-name="suite-Failed_suite__Sanity_Suite_" title="Consumption.ConsumptionScenarios" class="method navigator-link" hash-for-method="checkCourseExpiryMessageForUser">checkCourseExpiryMessageForUser</a> <!-- method navigator-link -->
                      </span>
                      <br/>
                      <span>
                        <img src="passed.png" width="3%"/>
                        <a href="#" panel-name="suite-Failed_suite__Sanity_Suite_" title="contentCreation.UploadAllContentsTypes" class="method navigator-link" hash-for-method="uploadEpub">uploadEpub</a> <!-- method navigator-link -->
                      </span>
                      <br/>
                      <span>
                        <img src="passed.png" width="3%"/>
                        <a href="#" panel-name="suite-Failed_suite__Sanity_Suite_" title="contentCreation.UploadAllContentsTypes" class="method navigator-link" hash-for-method="uploadHtmlContent">uploadHtmlContent</a> <!-- method navigator-link -->
                      </span>
                      <br/>
                      <span>
                        <img src="passed.png" width="3%"/>
                        <a href="#" panel-name="suite-Failed_suite__Sanity_Suite_" title="contentCreation.CreateCourseAndPublish" class="method navigator-link" hash-for-method="userUnenrollsFromTheCourse">userUnenrollsFromTheCourse</a> <!-- method navigator-link -->
                      </span>
                      <br/>
                      <span>
                        <img src="passed.png" width="3%"/>
                        <a href="#" panel-name="suite-Failed_suite__Sanity_Suite_" title="contentCreation.ValidateGuestUserGettingLoginPopUp" class="method navigator-link" hash-for-method="verifyGuestUserGettingLoginPopUpWhenClickedOnJoinCourseButtonForOpenBatch">verifyGuestUserGettingLoginPopUpWhenClickedOnJoinCourseButtonForOpenBatch</a> <!-- method navigator-link -->
                      </span>
                      <br/>
                    </div> <!-- method-list-content passed suite-Failed_suite__Sanity_Suite_ -->
                  </li>
                </ul>
              </div> <!-- suite-section-content -->
            </div> <!-- result-section -->
          </div> <!-- navigator-suite-content -->
        </div> <!-- rounded-window -->
      </div> <!-- suite -->
    </div> <!-- navigator-root -->
    <div class="wrapper">
      <div class="main-panel-root">
        <div panel-name="suite-Failed_suite__Sanity_Suite_" class="panel Failed_suite__Sanity_Suite_">
          <div class="suite-Failed_suite__Sanity_Suite_-class-failed">
            <div class="main-panel-header rounded-window-top">
              <img src="failed.png"/>
              <span class="class-name">contentCreation.FacetFilter</span>
            </div> <!-- main-panel-header rounded-window-top -->
            <div class="main-panel-content rounded-window-bottom">
              <div class="method">
                <div class="method-content">
                  <a name="VerifyFiltersResetToProfileBMCValueswhenNavigatedToOtherTab">
                  </a> <!-- VerifyFiltersResetToProfileBMCValueswhenNavigatedToOtherTab -->
                  <span class="method-name">VerifyFiltersResetToProfileBMCValueswhenNavigatedToOtherTab</span>
                  <div class="stack-trace">java.lang.AssertionError: expected [CBSE/NCERT] but found [Others]
	at org.testng.Assert.fail(Assert.java:99)
	at org.testng.Assert.failNotEquals(Assert.java:1037)
	at org.testng.Assert.assertEqualsImpl(Assert.java:140)
	at org.testng.Assert.assertEquals(Assert.java:122)
	at org.testng.Assert.assertEquals(Assert.java:629)
	at org.testng.Assert.assertEquals(Assert.java:639)
	at pageActions.Guest_User_Methods.VerifyProfileBMCValueForAnotherTab(Guest_User_Methods.java:474)
	at contentCreation.FacetFilter.VerifyFiltersResetToProfileBMCValueswhenNavigatedToOtherTab(FacetFilter.java:19)
	at java.base/jdk.internal.reflect.NativeMethodAccessorImpl.invoke0(Native Method)
	at java.base/jdk.internal.reflect.NativeMethodAccessorImpl.invoke(NativeMethodAccessorImpl.java:77)
	at java.base/jdk.internal.reflect.DelegatingMethodAccessorImpl.invoke(DelegatingMethodAccessorImpl.java:43)
	at java.base/java.lang.reflect.Method.invoke(Method.java:568)
	at org.testng.internal.MethodInvocationHelper.invokeMethod(MethodInvocationHelper.java:133)
	at org.testng.internal.TestInvoker.invokeMethod(TestInvoker.java:598)
	at org.testng.internal.TestInvoker.invokeTestMethod(TestInvoker.java:173)
	at org.testng.internal.MethodRunner.runInSequence(MethodRunner.java:46)
	at org.testng.internal.TestInvoker$MethodInvocationAgent.invoke(TestInvoker.java:824)
	at org.testng.internal.TestInvoker.invokeTestMethods(TestInvoker.java:146)
	at org.testng.internal.TestMethodWorker.invokeTestMethods(TestMethodWorker.java:146)
	at org.testng.internal.TestMethodWorker.run(TestMethodWorker.java:128)
	at java.base/java.util.ArrayList.forEach(ArrayList.java:1511)
	at org.testng.TestRunner.privateRun(TestRunner.java:794)
	at org.testng.TestRunner.run(TestRunner.java:596)
	at org.testng.SuiteRunner.runTest(SuiteRunner.java:377)
	at org.testng.SuiteRunner.runSequentially(SuiteRunner.java:371)
	at org.testng.SuiteRunner.privateRun(SuiteRunner.java:332)
	at org.testng.SuiteRunner.run(SuiteRunner.java:276)
	at org.testng.SuiteRunnerWorker.runSuite(SuiteRunnerWorker.java:53)
	at org.testng.SuiteRunnerWorker.run(SuiteRunnerWorker.java:96)
	at org.testng.TestNG.runSuitesSequentially(TestNG.java:1212)
	at org.testng.TestNG.runSuitesLocally(TestNG.java:1134)
	at org.testng.TestNG.runSuites(TestNG.java:1063)
	at org.testng.TestNG.run(TestNG.java:1031)
	at org.testng.remote.AbstractRemoteTestNG.run(AbstractRemoteTestNG.java:115)
	at org.testng.remote.RemoteTestNG.initAndRun(RemoteTestNG.java:251)
	at org.testng.remote.RemoteTestNG.main(RemoteTestNG.java:77)

</div> <!-- stack-trace -->
                </div> <!-- method-content -->
              </div> <!-- method -->
            </div> <!-- main-panel-content rounded-window-bottom -->
          </div> <!-- suite-Failed_suite__Sanity_Suite_-class-failed -->
          <div class="suite-Failed_suite__Sanity_Suite_-class-failed">
            <div class="main-panel-header rounded-window-top">
              <img src="failed.png"/>
              <span class="class-name">contentCreation.CreateBookAndVerify</span>
            </div> <!-- main-panel-header rounded-window-top -->
            <div class="main-panel-content rounded-window-bottom">
              <div class="method">
                <div class="method-content">
                  <a name="VerifyCreatorAddAllTypesOfContent">
                  </a> <!-- VerifyCreatorAddAllTypesOfContent -->
                  <span class="method-name">VerifyCreatorAddAllTypesOfContent</span>
                  <div class="stack-trace">org.openqa.selenium.NoSuchElementException: no such element: Unable to locate element: {&quot;method&quot;:&quot;xpath&quot;,&quot;selector&quot;:&quot;//h1[text()=&apos;Welcome to diksha &apos;]&quot;}
  (Session info: chrome=118.0.5993.118)
For documentation on this error, please visit: https://selenium.dev/exceptions/#no_such_element
Build info: version: &apos;4.8.3&apos;, revision: &apos;e5e76298c3&apos;
System info: os.name: &apos;Windows 11&apos;, os.arch: &apos;amd64&apos;, os.version: &apos;10.0&apos;, java.version: &apos;17.0.7&apos;
Driver info: org.openqa.selenium.chrome.ChromeDriver
Command: [3fd139d10ff8901fa214568391449bae, findElement {using=xpath, value=//h1[text()=&apos;Welcome to diksha &apos;]}]
Capabilities {acceptInsecureCerts: false, browserName: chrome, browserVersion: 118.0.5993.118, chrome: {chromedriverVersion: 118.0.5993.70 (e52f33f30b91..., userDataDir: C:\Users\Admin\AppData\Loca...}, fedcm:accounts: true, goog:chromeOptions: {debuggerAddress: localhost:60665}, networkConnectionEnabled: false, pageLoadStrategy: normal, platformName: WINDOWS, proxy: Proxy(), se:cdp: ws://localhost:60665/devtoo..., se:cdpVersion: 118.0.5993.118, setWindowRect: true, strictFileInteractability: false, timeouts: {implicit: 0, pageLoad: 300000, script: 30000}, unhandledPromptBehavior: dismiss and notify, webauthn:extension:credBlob: true, webauthn:extension:largeBlob: true, webauthn:extension:minPinLength: true, webauthn:extension:prf: true, webauthn:virtualAuthenticators: true}
Session ID: 3fd139d10ff8901fa214568391449bae
	at java.base/jdk.internal.reflect.NativeConstructorAccessorImpl.newInstance0(Native Method)
	at java.base/jdk.internal.reflect.NativeConstructorAccessorImpl.newInstance(NativeConstructorAccessorImpl.java:77)
	at java.base/jdk.internal.reflect.DelegatingConstructorAccessorImpl.newInstance(DelegatingConstructorAccessorImpl.java:45)
	at java.base/java.lang.reflect.Constructor.newInstanceWithCaller(Constructor.java:499)
	at java.base/java.lang.reflect.Constructor.newInstance(Constructor.java:480)
	at org.openqa.selenium.remote.codec.w3c.W3CHttpResponseCodec.createException(W3CHttpResponseCodec.java:200)
	at org.openqa.selenium.remote.codec.w3c.W3CHttpResponseCodec.decode(W3CHttpResponseCodec.java:133)
	at org.openqa.selenium.remote.codec.w3c.W3CHttpResponseCodec.decode(W3CHttpResponseCodec.java:53)
	at org.openqa.selenium.remote.HttpCommandExecutor.execute(HttpCommandExecutor.java:193)
	at org.openqa.selenium.remote.service.DriverCommandExecutor.invokeExecute(DriverCommandExecutor.java:183)
	at org.openqa.selenium.remote.service.DriverCommandExecutor.execute(DriverCommandExecutor.java:158)
	at org.openqa.selenium.remote.RemoteWebDriver.execute(RemoteWebDriver.java:543)
	at org.openqa.selenium.remote.ElementLocation$ElementFinder$2.findElement(ElementLocation.java:162)
	at org.openqa.selenium.remote.ElementLocation.findElement(ElementLocation.java:60)
	at org.openqa.selenium.remote.RemoteWebDriver.findElement(RemoteWebDriver.java:352)
	at org.openqa.selenium.remote.RemoteWebDriver.findElement(RemoteWebDriver.java:344)
	at org.openqa.selenium.support.pagefactory.DefaultElementLocator.findElement(DefaultElementLocator.java:70)
	at org.openqa.selenium.support.pagefactory.internal.LocatingElementHandler.invoke(LocatingElementHandler.java:39)
	at jdk.proxy2/jdk.proxy2.$Proxy18.isDisplayed(Unknown Source)
	at pageActions.UserOnBoarding.SelectUserRole(UserOnBoarding.java:62)
	at contentCreation.CreateBookAndVerify.VerifyCreatorAddAllTypesOfContent(CreateBookAndVerify.java:122)
	at java.base/jdk.internal.reflect.NativeMethodAccessorImpl.invoke0(Native Method)
	at java.base/jdk.internal.reflect.NativeMethodAccessorImpl.invoke(NativeMethodAccessorImpl.java:77)
	at java.base/jdk.internal.reflect.DelegatingMethodAccessorImpl.invoke(DelegatingMethodAccessorImpl.java:43)
	at java.base/java.lang.reflect.Method.invoke(Method.java:568)
	at org.testng.internal.MethodInvocationHelper.invokeMethod(MethodInvocationHelper.java:133)
	at org.testng.internal.TestInvoker.invokeMethod(TestInvoker.java:598)
	at org.testng.internal.TestInvoker.invokeTestMethod(TestInvoker.java:173)
	at org.testng.internal.MethodRunner.runInSequence(MethodRunner.java:46)
	at org.testng.internal.TestInvoker$MethodInvocationAgent.invoke(TestInvoker.java:824)
	at org.testng.internal.TestInvoker.invokeTestMethods(TestInvoker.java:146)
	at org.testng.internal.TestMethodWorker.invokeTestMethods(TestMethodWorker.java:146)
	at org.testng.internal.TestMethodWorker.run(TestMethodWorker.java:128)
	at java.base/java.util.ArrayList.forEach(ArrayList.java:1511)
	at org.testng.TestRunner.privateRun(TestRunner.java:794)
	at org.testng.TestRunner.run(TestRunner.java:596)
	at org.testng.SuiteRunner.runTest(SuiteRunner.java:377)
	at org.testng.SuiteRunner.runSequentially(SuiteRunner.java:371)
	at org.testng.SuiteRunner.privateRun(SuiteRunner.java:332)
	at org.testng.SuiteRunner.run(SuiteRunner.java:276)
	at org.testng.SuiteRunnerWorker.runSuite(SuiteRunnerWorker.java:53)
	at org.testng.SuiteRunnerWorker.run(SuiteRunnerWorker.java:96)
	at org.testng.TestNG.runSuitesSequentially(TestNG.java:1212)
	at org.testng.TestNG.runSuitesLocally(TestNG.java:1134)
	at org.testng.TestNG.runSuites(TestNG.java:1063)
	at org.testng.TestNG.run(TestNG.java:1031)
	at org.testng.remote.AbstractRemoteTestNG.run(AbstractRemoteTestNG.java:115)
	at org.testng.remote.RemoteTestNG.initAndRun(RemoteTestNG.java:251)
	at org.testng.remote.RemoteTestNG.main(RemoteTestNG.java:77)

</div> <!-- stack-trace -->
                </div> <!-- method-content -->
              </div> <!-- method -->
              <div class="method">
                <div class="method-content">
                  <a name="VerifyCreatorAddCollaboratorInTextbook">
                  </a> <!-- VerifyCreatorAddCollaboratorInTextbook -->
                  <span class="method-name">VerifyCreatorAddCollaboratorInTextbook</span>
                  <div class="stack-trace">org.openqa.selenium.TimeoutException: Expected condition failed: waiting for element to be clickable: Proxy element for: DefaultElementLocator &apos;By.xpath: (//span[text()=&apos;English&apos;])[2]&apos; (tried for 30 second(s) with 500 milliseconds interval)
	at org.openqa.selenium.support.ui.WebDriverWait.timeoutException(WebDriverWait.java:87)
	at org.openqa.selenium.support.ui.FluentWait.until(FluentWait.java:231)
	at utility.DikshaUtils.waitToBeClickableAndClick(DikshaUtils.java:169)
	at pageActions.UserOnBoarding.bmcpopuphandle(UserOnBoarding.java:151)
	at contentCreation.CreateBookAndVerify.VerifyCreatorAddCollaboratorInTextbook(CreateBookAndVerify.java:42)
	at java.base/jdk.internal.reflect.NativeMethodAccessorImpl.invoke0(Native Method)
	at java.base/jdk.internal.reflect.NativeMethodAccessorImpl.invoke(NativeMethodAccessorImpl.java:77)
	at java.base/jdk.internal.reflect.DelegatingMethodAccessorImpl.invoke(DelegatingMethodAccessorImpl.java:43)
	at java.base/java.lang.reflect.Method.invoke(Method.java:568)
	at org.testng.internal.MethodInvocationHelper.invokeMethod(MethodInvocationHelper.java:133)
	at org.testng.internal.TestInvoker.invokeMethod(TestInvoker.java:598)
	at org.testng.internal.TestInvoker.invokeTestMethod(TestInvoker.java:173)
	at org.testng.internal.MethodRunner.runInSequence(MethodRunner.java:46)
	at org.testng.internal.TestInvoker$MethodInvocationAgent.invoke(TestInvoker.java:824)
	at org.testng.internal.TestInvoker.invokeTestMethods(TestInvoker.java:146)
	at org.testng.internal.TestMethodWorker.invokeTestMethods(TestMethodWorker.java:146)
	at org.testng.internal.TestMethodWorker.run(TestMethodWorker.java:128)
	at java.base/java.util.ArrayList.forEach(ArrayList.java:1511)
	at org.testng.TestRunner.privateRun(TestRunner.java:794)
	at org.testng.TestRunner.run(TestRunner.java:596)
	at org.testng.SuiteRunner.runTest(SuiteRunner.java:377)
	at org.testng.SuiteRunner.runSequentially(SuiteRunner.java:371)
	at org.testng.SuiteRunner.privateRun(SuiteRunner.java:332)
	at org.testng.SuiteRunner.run(SuiteRunner.java:276)
	at org.testng.SuiteRunnerWorker.runSuite(SuiteRunnerWorker.java:53)
	at org.testng.SuiteRunnerWorker.run(SuiteRunnerWorker.java:96)
	at org.testng.TestNG.runSuitesSequentially(TestNG.java:1212)
	at org.testng.TestNG.runSuitesLocally(TestNG.java:1134)
	at org.testng.TestNG.runSuites(TestNG.java:1063)
	at org.testng.TestNG.run(TestNG.java:1031)
	at org.testng.remote.AbstractRemoteTestNG.run(AbstractRemoteTestNG.java:115)
	at org.testng.remote.RemoteTestNG.initAndRun(RemoteTestNG.java:251)
	at org.testng.remote.RemoteTestNG.main(RemoteTestNG.java:77)
Caused by: org.openqa.selenium.NoSuchElementException: no such element: Unable to locate element: {&quot;method&quot;:&quot;xpath&quot;,&quot;selector&quot;:&quot;(//span[text()=&apos;English&apos;])[2]&quot;}
  (Session info: chrome=118.0.5993.118)
For documentation on this error, please visit: https://selenium.dev/exceptions/#no_such_element
Build info: version: &apos;4.8.3&apos;, revision: &apos;e5e76298c3&apos;
System info: os.name: &apos;Windows 11&apos;, os.arch: &apos;amd64&apos;, os.version: &apos;10.0&apos;, java.version: &apos;17.0.7&apos;
Driver info: org.openqa.selenium.chrome.ChromeDriver
Command: [f6bb4de7e4832d0359ef1c0a6a672150, findElement {using=xpath, value=(//span[text()=&apos;English&apos;])[2]}]
Capabilities {acceptInsecureCerts: false, browserName: chrome, browserVersion: 118.0.5993.118, chrome: {chromedriverVersion: 118.0.5993.70 (e52f33f30b91..., userDataDir: C:\Users\Admin\AppData\Loca...}, fedcm:accounts: true, goog:chromeOptions: {debuggerAddress: localhost:60606}, networkConnectionEnabled: false, pageLoadStrategy: normal, platformName: WINDOWS, proxy: Proxy(), se:cdp: ws://localhost:60606/devtoo..., se:cdpVersion: 118.0.5993.118, setWindowRect: true, strictFileInteractability: false, timeouts: {implicit: 0, pageLoad: 300000, script: 30000}, unhandledPromptBehavior: dismiss and notify, webauthn:extension:credBlob: true, webauthn:extension:largeBlob: true, webauthn:extension:minPinLength: true, webauthn:extension:prf: true, webauthn:virtualAuthenticators: true}
Session ID: f6bb4de7e4832d0359ef1c0a6a672150
	at java.base/jdk.internal.reflect.NativeConstructorAccessorImpl.newInstance0(Native Method)
	at java.base/jdk.internal.reflect.NativeConstructorAccessorImpl.newInstance(NativeConstructorAccessorImpl.java:77)
	at java.base/jdk.internal.reflect.DelegatingConstructorAccessorImpl.newInstance(DelegatingConstructorAccessorImpl.java:45)
	at java.base/java.lang.reflect.Constructor.newInstanceWithCaller(Constructor.java:499)
	at java.base/java.lang.reflect.Constructor.newInstance(Constructor.java:480)
	at org.openqa.selenium.remote.codec.w3c.W3CHttpResponseCodec.createException(W3CHttpResponseCodec.java:200)
	at org.openqa.selenium.remote.codec.w3c.W3CHttpResponseCodec.decode(W3CHttpResponseCodec.java:133)
	at org.openqa.selenium.remote.codec.w3c.W3CHttpResponseCodec.decode(W3CHttpResponseCodec.java:53)
	at org.openqa.selenium.remote.HttpCommandExecutor.execute(HttpCommandExecutor.java:193)
	at org.openqa.selenium.remote.service.DriverCommandExecutor.invokeExecute(DriverCommandExecutor.java:183)
	at org.openqa.selenium.remote.service.DriverCommandExecutor.execute(DriverCommandExecutor.java:158)
	at org.openqa.selenium.remote.RemoteWebDriver.execute(RemoteWebDriver.java:543)
	at org.openqa.selenium.remote.ElementLocation$ElementFinder$2.findElement(ElementLocation.java:162)
	at org.openqa.selenium.remote.ElementLocation.findElement(ElementLocation.java:60)
	at org.openqa.selenium.remote.RemoteWebDriver.findElement(RemoteWebDriver.java:352)
	at org.openqa.selenium.remote.RemoteWebDriver.findElement(RemoteWebDriver.java:344)
	at org.openqa.selenium.support.pagefactory.DefaultElementLocator.findElement(DefaultElementLocator.java:70)
	at org.openqa.selenium.support.pagefactory.internal.LocatingElementHandler.invoke(LocatingElementHandler.java:39)
	at jdk.proxy2/jdk.proxy2.$Proxy18.isDisplayed(Unknown Source)
	at org.openqa.selenium.support.ui.ExpectedConditions.elementIfVisible(ExpectedConditions.java:307)
	at org.openqa.selenium.support.ui.ExpectedConditions.access$000(ExpectedConditions.java:40)
	at org.openqa.selenium.support.ui.ExpectedConditions$10.apply(ExpectedConditions.java:293)
	at org.openqa.selenium.support.ui.ExpectedConditions$10.apply(ExpectedConditions.java:290)
	at org.openqa.selenium.support.ui.ExpectedConditions$23.apply(ExpectedConditions.java:660)
	at org.openqa.selenium.support.ui.ExpectedConditions$23.apply(ExpectedConditions.java:656)
	at org.openqa.selenium.support.ui.FluentWait.until(FluentWait.java:208)
	... 31 more

</div> <!-- stack-trace -->
                </div> <!-- method-content -->
              </div> <!-- method -->
            </div> <!-- main-panel-content rounded-window-bottom -->
          </div> <!-- suite-Failed_suite__Sanity_Suite_-class-failed -->
          <div class="suite-Failed_suite__Sanity_Suite_-class-failed">
            <div class="main-panel-header rounded-window-top">
              <img src="failed.png"/>
              <span class="class-name">userOnBoarding.Guest_User</span>
            </div> <!-- main-panel-header rounded-window-top -->
            <div class="main-panel-content rounded-window-bottom">
              <div class="method">
                <div class="method-content">
                  <a name="verifyBMCS_Values_In_Diffrent_Tabs">
                  </a> <!-- verifyBMCS_Values_In_Diffrent_Tabs -->
                  <span class="method-name">verifyBMCS_Values_In_Diffrent_Tabs</span>
                  <div class="stack-trace">org.openqa.selenium.NoSuchElementException: no such element: Unable to locate element: {&quot;method&quot;:&quot;xpath&quot;,&quot;selector&quot;:&quot;//label[text()=&apos;Board&apos;]&quot;}
  (Session info: chrome=118.0.5993.118)
For documentation on this error, please visit: https://selenium.dev/exceptions/#no_such_element
Build info: version: &apos;4.8.3&apos;, revision: &apos;e5e76298c3&apos;
System info: os.name: &apos;Windows 11&apos;, os.arch: &apos;amd64&apos;, os.version: &apos;10.0&apos;, java.version: &apos;17.0.7&apos;
Driver info: org.openqa.selenium.chrome.ChromeDriver
Command: [1ed8e4b94ad3a6dab6b34e3a81f3184e, findElement {using=xpath, value=//label[text()=&apos;Board&apos;]}]
Capabilities {acceptInsecureCerts: false, browserName: chrome, browserVersion: 118.0.5993.118, chrome: {chromedriverVersion: 118.0.5993.70 (e52f33f30b91..., userDataDir: C:\Users\Admin\AppData\Loca...}, fedcm:accounts: true, goog:chromeOptions: {debuggerAddress: localhost:60408}, networkConnectionEnabled: false, pageLoadStrategy: normal, platformName: WINDOWS, proxy: Proxy(), se:cdp: ws://localhost:60408/devtoo..., se:cdpVersion: 118.0.5993.118, setWindowRect: true, strictFileInteractability: false, timeouts: {implicit: 0, pageLoad: 300000, script: 30000}, unhandledPromptBehavior: dismiss and notify, webauthn:extension:credBlob: true, webauthn:extension:largeBlob: true, webauthn:extension:minPinLength: true, webauthn:extension:prf: true, webauthn:virtualAuthenticators: true}
Session ID: 1ed8e4b94ad3a6dab6b34e3a81f3184e
	at java.base/jdk.internal.reflect.NativeConstructorAccessorImpl.newInstance0(Native Method)
	at java.base/jdk.internal.reflect.NativeConstructorAccessorImpl.newInstance(NativeConstructorAccessorImpl.java:77)
	at java.base/jdk.internal.reflect.DelegatingConstructorAccessorImpl.newInstance(DelegatingConstructorAccessorImpl.java:45)
	at java.base/java.lang.reflect.Constructor.newInstanceWithCaller(Constructor.java:499)
	at java.base/java.lang.reflect.Constructor.newInstance(Constructor.java:480)
	at org.openqa.selenium.remote.codec.w3c.W3CHttpResponseCodec.createException(W3CHttpResponseCodec.java:200)
	at org.openqa.selenium.remote.codec.w3c.W3CHttpResponseCodec.decode(W3CHttpResponseCodec.java:133)
	at org.openqa.selenium.remote.codec.w3c.W3CHttpResponseCodec.decode(W3CHttpResponseCodec.java:53)
	at org.openqa.selenium.remote.HttpCommandExecutor.execute(HttpCommandExecutor.java:193)
	at org.openqa.selenium.remote.service.DriverCommandExecutor.invokeExecute(DriverCommandExecutor.java:183)
	at org.openqa.selenium.remote.service.DriverCommandExecutor.execute(DriverCommandExecutor.java:158)
	at org.openqa.selenium.remote.RemoteWebDriver.execute(RemoteWebDriver.java:543)
	at org.openqa.selenium.remote.ElementLocation$ElementFinder$2.findElement(ElementLocation.java:162)
	at org.openqa.selenium.remote.ElementLocation.findElement(ElementLocation.java:60)
	at org.openqa.selenium.remote.RemoteWebDriver.findElement(RemoteWebDriver.java:352)
	at org.openqa.selenium.remote.RemoteWebDriver.findElement(RemoteWebDriver.java:344)
	at org.openqa.selenium.support.pagefactory.DefaultElementLocator.findElement(DefaultElementLocator.java:70)
	at org.openqa.selenium.support.pagefactory.internal.LocatingElementHandler.invoke(LocatingElementHandler.java:39)
	at jdk.proxy2/jdk.proxy2.$Proxy18.isDisplayed(Unknown Source)
	at pageActions.Guest_User_Methods.validateBMCSForDiffrentTabs(Guest_User_Methods.java:184)
	at userOnBoarding.Guest_User.verifyBMCS_Values_In_Diffrent_Tabs(Guest_User.java:27)
	at java.base/jdk.internal.reflect.NativeMethodAccessorImpl.invoke0(Native Method)
	at java.base/jdk.internal.reflect.NativeMethodAccessorImpl.invoke(NativeMethodAccessorImpl.java:77)
	at java.base/jdk.internal.reflect.DelegatingMethodAccessorImpl.invoke(DelegatingMethodAccessorImpl.java:43)
	at java.base/java.lang.reflect.Method.invoke(Method.java:568)
	at org.testng.internal.MethodInvocationHelper.invokeMethod(MethodInvocationHelper.java:133)
	at org.testng.internal.TestInvoker.invokeMethod(TestInvoker.java:598)
	at org.testng.internal.TestInvoker.invokeTestMethod(TestInvoker.java:173)
	at org.testng.internal.MethodRunner.runInSequence(MethodRunner.java:46)
	at org.testng.internal.TestInvoker$MethodInvocationAgent.invoke(TestInvoker.java:824)
	at org.testng.internal.TestInvoker.invokeTestMethods(TestInvoker.java:146)
	at org.testng.internal.TestMethodWorker.invokeTestMethods(TestMethodWorker.java:146)
	at org.testng.internal.TestMethodWorker.run(TestMethodWorker.java:128)
	at java.base/java.util.ArrayList.forEach(ArrayList.java:1511)
	at org.testng.TestRunner.privateRun(TestRunner.java:794)
	at org.testng.TestRunner.run(TestRunner.java:596)
	at org.testng.SuiteRunner.runTest(SuiteRunner.java:377)
	at org.testng.SuiteRunner.runSequentially(SuiteRunner.java:371)
	at org.testng.SuiteRunner.privateRun(SuiteRunner.java:332)
	at org.testng.SuiteRunner.run(SuiteRunner.java:276)
	at org.testng.SuiteRunnerWorker.runSuite(SuiteRunnerWorker.java:53)
	at org.testng.SuiteRunnerWorker.run(SuiteRunnerWorker.java:96)
	at org.testng.TestNG.runSuitesSequentially(TestNG.java:1212)
	at org.testng.TestNG.runSuitesLocally(TestNG.java:1134)
	at org.testng.TestNG.runSuites(TestNG.java:1063)
	at org.testng.TestNG.run(TestNG.java:1031)
	at org.testng.remote.AbstractRemoteTestNG.run(AbstractRemoteTestNG.java:115)
	at org.testng.remote.RemoteTestNG.initAndRun(RemoteTestNG.java:251)
	at org.testng.remote.RemoteTestNG.main(RemoteTestNG.java:77)

</div> <!-- stack-trace -->
                </div> <!-- method-content -->
              </div> <!-- method -->
            </div> <!-- main-panel-content rounded-window-bottom -->
          </div> <!-- suite-Failed_suite__Sanity_Suite_-class-failed -->
          <div class="suite-Failed_suite__Sanity_Suite_-class-failed">
            <div class="main-panel-header rounded-window-top">
              <img src="failed.png"/>
              <span class="class-name">contentCreation.CreateCourseAndPublish</span>
            </div> <!-- main-panel-header rounded-window-top -->
            <div class="main-panel-content rounded-window-bottom">
              <div class="method">
                <div class="method-content">
                  <a name="verifyDiscussionForumForCourse">
                  </a> <!-- verifyDiscussionForumForCourse -->
                  <span class="method-name">verifyDiscussionForumForCourse</span>
                  <div class="stack-trace">org.openqa.selenium.ElementClickInterceptedException: element click intercepted: Element &lt;div _ngcontent-yee-c18=&quot;&quot; class=&quot;avatar-container&quot; style=&quot;width: 38px; height: 38px;&quot;&gt;...&lt;/div&gt; is not clickable at point (1278, 88). Other element would receive the click: &lt;mat-dialog-container aria-modal=&quot;true&quot; class=&quot;mat-dialog-container ng-tns-c44-48 ng-trigger ng-trigger-dialogContainer ng-star-inserted ng-animating&quot; tabindex=&quot;-1&quot; id=&quot;location-selection&quot; role=&quot;dialog&quot; aria-labelledby=&quot;mat-dialog-title-2&quot; style=&quot;&quot;&gt;...&lt;/mat-dialog-container&gt;
  (Session info: chrome=118.0.5993.118)
Build info: version: &apos;4.8.3&apos;, revision: &apos;e5e76298c3&apos;
System info: os.name: &apos;Windows 11&apos;, os.arch: &apos;amd64&apos;, os.version: &apos;10.0&apos;, java.version: &apos;17.0.7&apos;
Driver info: org.openqa.selenium.chrome.ChromeDriver
Command: [0264e2478cff4ab1a647357bbe2350a8, clickElement {id=7FAD14491CC85A77EC56B73703B5E37D_element_231}]
Capabilities {acceptInsecureCerts: false, browserName: chrome, browserVersion: 118.0.5993.118, chrome: {chromedriverVersion: 118.0.5993.70 (e52f33f30b91..., userDataDir: C:\Users\Admin\AppData\Loca...}, fedcm:accounts: true, goog:chromeOptions: {debuggerAddress: localhost:59961}, networkConnectionEnabled: false, pageLoadStrategy: normal, platformName: WINDOWS, proxy: Proxy(), se:cdp: ws://localhost:59961/devtoo..., se:cdpVersion: 118.0.5993.118, setWindowRect: true, strictFileInteractability: false, timeouts: {implicit: 0, pageLoad: 300000, script: 30000}, unhandledPromptBehavior: dismiss and notify, webauthn:extension:credBlob: true, webauthn:extension:largeBlob: true, webauthn:extension:minPinLength: true, webauthn:extension:prf: true, webauthn:virtualAuthenticators: true}
Element: [[ChromeDriver: chrome on WINDOWS (0264e2478cff4ab1a647357bbe2350a8)] -&gt; xpath: (//div[@class=&apos;avatar-container&apos;])[2]]
Session ID: 0264e2478cff4ab1a647357bbe2350a8
	at java.base/jdk.internal.reflect.NativeConstructorAccessorImpl.newInstance0(Native Method)
	at java.base/jdk.internal.reflect.NativeConstructorAccessorImpl.newInstance(NativeConstructorAccessorImpl.java:77)
	at java.base/jdk.internal.reflect.DelegatingConstructorAccessorImpl.newInstance(DelegatingConstructorAccessorImpl.java:45)
	at java.base/java.lang.reflect.Constructor.newInstanceWithCaller(Constructor.java:499)
	at java.base/java.lang.reflect.Constructor.newInstance(Constructor.java:480)
	at org.openqa.selenium.remote.codec.w3c.W3CHttpResponseCodec.createException(W3CHttpResponseCodec.java:200)
	at org.openqa.selenium.remote.codec.w3c.W3CHttpResponseCodec.decode(W3CHttpResponseCodec.java:133)
	at org.openqa.selenium.remote.codec.w3c.W3CHttpResponseCodec.decode(W3CHttpResponseCodec.java:53)
	at org.openqa.selenium.remote.HttpCommandExecutor.execute(HttpCommandExecutor.java:193)
	at org.openqa.selenium.remote.service.DriverCommandExecutor.invokeExecute(DriverCommandExecutor.java:183)
	at org.openqa.selenium.remote.service.DriverCommandExecutor.execute(DriverCommandExecutor.java:158)
	at org.openqa.selenium.remote.RemoteWebDriver.execute(RemoteWebDriver.java:543)
	at org.openqa.selenium.remote.RemoteWebElement.execute(RemoteWebElement.java:257)
	at org.openqa.selenium.remote.RemoteWebElement.click(RemoteWebElement.java:78)
	at jdk.internal.reflect.GeneratedMethodAccessor2.invoke(Unknown Source)
	at java.base/jdk.internal.reflect.DelegatingMethodAccessorImpl.invoke(DelegatingMethodAccessorImpl.java:43)
	at java.base/java.lang.reflect.Method.invoke(Method.java:568)
	at org.openqa.selenium.support.pagefactory.internal.LocatingElementHandler.invoke(LocatingElementHandler.java:52)
	at jdk.proxy2/jdk.proxy2.$Proxy18.click(Unknown Source)
	at utility.DikshaUtils.waitToBeVisibleAndClick(DikshaUtils.java:87)
	at pageActions.UserOnBoarding.login(UserOnBoarding.java:330)
	at contentCreation.CreateCourseAndPublish.verifyDiscussionForumForCourse(CreateCourseAndPublish.java:109)
	at java.base/jdk.internal.reflect.NativeMethodAccessorImpl.invoke0(Native Method)
	at java.base/jdk.internal.reflect.NativeMethodAccessorImpl.invoke(NativeMethodAccessorImpl.java:77)
	at java.base/jdk.internal.reflect.DelegatingMethodAccessorImpl.invoke(DelegatingMethodAccessorImpl.java:43)
	at java.base/java.lang.reflect.Method.invoke(Method.java:568)
	at org.testng.internal.MethodInvocationHelper.invokeMethod(MethodInvocationHelper.java:133)
	at org.testng.internal.TestInvoker.invokeMethod(TestInvoker.java:598)
	at org.testng.internal.TestInvoker.invokeTestMethod(TestInvoker.java:173)
	at org.testng.internal.MethodRunner.runInSequence(MethodRunner.java:46)
	at org.testng.internal.TestInvoker$MethodInvocationAgent.invoke(TestInvoker.java:824)
	at org.testng.internal.TestInvoker.invokeTestMethods(TestInvoker.java:146)
	at org.testng.internal.TestMethodWorker.invokeTestMethods(TestMethodWorker.java:146)
	at org.testng.internal.TestMethodWorker.run(TestMethodWorker.java:128)
	at java.base/java.util.ArrayList.forEach(ArrayList.java:1511)
	at org.testng.TestRunner.privateRun(TestRunner.java:794)
	at org.testng.TestRunner.run(TestRunner.java:596)
	at org.testng.SuiteRunner.runTest(SuiteRunner.java:377)
	at org.testng.SuiteRunner.runSequentially(SuiteRunner.java:371)
	at org.testng.SuiteRunner.privateRun(SuiteRunner.java:332)
	at org.testng.SuiteRunner.run(SuiteRunner.java:276)
	at org.testng.SuiteRunnerWorker.runSuite(SuiteRunnerWorker.java:53)
	at org.testng.SuiteRunnerWorker.run(SuiteRunnerWorker.java:96)
	at org.testng.TestNG.runSuitesSequentially(TestNG.java:1212)
	at org.testng.TestNG.runSuitesLocally(TestNG.java:1134)
	at org.testng.TestNG.runSuites(TestNG.java:1063)
	at org.testng.TestNG.run(TestNG.java:1031)
	at org.testng.remote.AbstractRemoteTestNG.run(AbstractRemoteTestNG.java:115)
	at org.testng.remote.RemoteTestNG.initAndRun(RemoteTestNG.java:251)
	at org.testng.remote.RemoteTestNG.main(RemoteTestNG.java:77)

</div> <!-- stack-trace -->
                </div> <!-- method-content -->
              </div> <!-- method -->
            </div> <!-- main-panel-content rounded-window-bottom -->
          </div> <!-- suite-Failed_suite__Sanity_Suite_-class-failed -->
          <div class="suite-Failed_suite__Sanity_Suite_-class-failed">
            <div class="main-panel-header rounded-window-top">
              <img src="failed.png"/>
              <span class="class-name">contentCreation.CreateQuestionSetAndVerify</span>
            </div> <!-- main-panel-header rounded-window-top -->
            <div class="main-panel-content rounded-window-bottom">
              <div class="method">
                <div class="method-content">
                  <a name="VerifyCreatorCreateTwoTypesOfQuestionSetAndSendForReview">
                  </a> <!-- VerifyCreatorCreateTwoTypesOfQuestionSetAndSendForReview -->
                  <span class="method-name">VerifyCreatorCreateTwoTypesOfQuestionSetAndSendForReview</span>
                  <div class="stack-trace">org.openqa.selenium.TimeoutException: Expected condition failed: waiting for element to be clickable: Proxy element for: DefaultElementLocator &apos;By.xpath: (//div[@aria-label=&apos;Rich Text Editor, main&apos;])[1]&apos; (tried for 30 second(s) with 500 milliseconds interval)
	at org.openqa.selenium.support.ui.WebDriverWait.timeoutException(WebDriverWait.java:87)
	at org.openqa.selenium.support.ui.FluentWait.until(FluentWait.java:231)
	at utility.DikshaUtils.waitToBeClickableAndClick(DikshaUtils.java:169)
	at pageActions.CreateQuestionSet.CreateTwoTypesOfQuestionSetAndSendForReview(CreateQuestionSet.java:82)
	at contentCreation.CreateQuestionSetAndVerify.VerifyCreatorCreateTwoTypesOfQuestionSetAndSendForReview(CreateQuestionSetAndVerify.java:20)
	at java.base/jdk.internal.reflect.NativeMethodAccessorImpl.invoke0(Native Method)
	at java.base/jdk.internal.reflect.NativeMethodAccessorImpl.invoke(NativeMethodAccessorImpl.java:77)
	at java.base/jdk.internal.reflect.DelegatingMethodAccessorImpl.invoke(DelegatingMethodAccessorImpl.java:43)
	at java.base/java.lang.reflect.Method.invoke(Method.java:568)
	at org.testng.internal.MethodInvocationHelper.invokeMethod(MethodInvocationHelper.java:133)
	at org.testng.internal.TestInvoker.invokeMethod(TestInvoker.java:598)
	at org.testng.internal.TestInvoker.invokeTestMethod(TestInvoker.java:173)
	at org.testng.internal.MethodRunner.runInSequence(MethodRunner.java:46)
	at org.testng.internal.TestInvoker$MethodInvocationAgent.invoke(TestInvoker.java:824)
	at org.testng.internal.TestInvoker.invokeTestMethods(TestInvoker.java:146)
	at org.testng.internal.TestMethodWorker.invokeTestMethods(TestMethodWorker.java:146)
	at org.testng.internal.TestMethodWorker.run(TestMethodWorker.java:128)
	at java.base/java.util.ArrayList.forEach(ArrayList.java:1511)
	at org.testng.TestRunner.privateRun(TestRunner.java:794)
	at org.testng.TestRunner.run(TestRunner.java:596)
	at org.testng.SuiteRunner.runTest(SuiteRunner.java:377)
	at org.testng.SuiteRunner.runSequentially(SuiteRunner.java:371)
	at org.testng.SuiteRunner.privateRun(SuiteRunner.java:332)
	at org.testng.SuiteRunner.run(SuiteRunner.java:276)
	at org.testng.SuiteRunnerWorker.runSuite(SuiteRunnerWorker.java:53)
	at org.testng.SuiteRunnerWorker.run(SuiteRunnerWorker.java:96)
	at org.testng.TestNG.runSuitesSequentially(TestNG.java:1212)
	at org.testng.TestNG.runSuitesLocally(TestNG.java:1134)
	at org.testng.TestNG.runSuites(TestNG.java:1063)
	at org.testng.TestNG.run(TestNG.java:1031)
	at org.testng.remote.AbstractRemoteTestNG.run(AbstractRemoteTestNG.java:115)
	at org.testng.remote.RemoteTestNG.initAndRun(RemoteTestNG.java:251)
	at org.testng.remote.RemoteTestNG.main(RemoteTestNG.java:77)
Caused by: org.openqa.selenium.NoSuchElementException: no such element: Unable to locate element: {&quot;method&quot;:&quot;xpath&quot;,&quot;selector&quot;:&quot;(//div[@aria-label=&apos;Rich Text Editor, main&apos;])[1]&quot;}
  (Session info: chrome=118.0.5993.118)
For documentation on this error, please visit: https://selenium.dev/exceptions/#no_such_element
Build info: version: &apos;4.8.3&apos;, revision: &apos;e5e76298c3&apos;
System info: os.name: &apos;Windows 11&apos;, os.arch: &apos;amd64&apos;, os.version: &apos;10.0&apos;, java.version: &apos;17.0.7&apos;
Driver info: org.openqa.selenium.chrome.ChromeDriver
Command: [39a62d889b94bd45d332a9b5be3da54c, findElement {using=xpath, value=(//div[@aria-label=&apos;Rich Text Editor, main&apos;])[1]}]
Capabilities {acceptInsecureCerts: false, browserName: chrome, browserVersion: 118.0.5993.118, chrome: {chromedriverVersion: 118.0.5993.70 (e52f33f30b91..., userDataDir: C:\Users\Admin\AppData\Loca...}, fedcm:accounts: true, goog:chromeOptions: {debuggerAddress: localhost:60515}, networkConnectionEnabled: false, pageLoadStrategy: normal, platformName: WINDOWS, proxy: Proxy(), se:cdp: ws://localhost:60515/devtoo..., se:cdpVersion: 118.0.5993.118, setWindowRect: true, strictFileInteractability: false, timeouts: {implicit: 0, pageLoad: 300000, script: 30000}, unhandledPromptBehavior: dismiss and notify, webauthn:extension:credBlob: true, webauthn:extension:largeBlob: true, webauthn:extension:minPinLength: true, webauthn:extension:prf: true, webauthn:virtualAuthenticators: true}
Session ID: 39a62d889b94bd45d332a9b5be3da54c
	at java.base/jdk.internal.reflect.NativeConstructorAccessorImpl.newInstance0(Native Method)
	at java.base/jdk.internal.reflect.NativeConstructorAccessorImpl.newInstance(NativeConstructorAccessorImpl.java:77)
	at java.base/jdk.internal.reflect.DelegatingConstructorAccessorImpl.newInstance(DelegatingConstructorAccessorImpl.java:45)
	at java.base/java.lang.reflect.Constructor.newInstanceWithCaller(Constructor.java:499)
	at java.base/java.lang.reflect.Constructor.newInstance(Constructor.java:480)
	at org.openqa.selenium.remote.codec.w3c.W3CHttpResponseCodec.createException(W3CHttpResponseCodec.java:200)
	at org.openqa.selenium.remote.codec.w3c.W3CHttpResponseCodec.decode(W3CHttpResponseCodec.java:133)
	at org.openqa.selenium.remote.codec.w3c.W3CHttpResponseCodec.decode(W3CHttpResponseCodec.java:53)
	at org.openqa.selenium.remote.HttpCommandExecutor.execute(HttpCommandExecutor.java:193)
	at org.openqa.selenium.remote.service.DriverCommandExecutor.invokeExecute(DriverCommandExecutor.java:183)
	at org.openqa.selenium.remote.service.DriverCommandExecutor.execute(DriverCommandExecutor.java:158)
	at org.openqa.selenium.remote.RemoteWebDriver.execute(RemoteWebDriver.java:543)
	at org.openqa.selenium.remote.ElementLocation$ElementFinder$2.findElement(ElementLocation.java:162)
	at org.openqa.selenium.remote.ElementLocation.findElement(ElementLocation.java:60)
	at org.openqa.selenium.remote.RemoteWebDriver.findElement(RemoteWebDriver.java:352)
	at org.openqa.selenium.remote.RemoteWebDriver.findElement(RemoteWebDriver.java:344)
	at org.openqa.selenium.support.pagefactory.DefaultElementLocator.findElement(DefaultElementLocator.java:70)
	at org.openqa.selenium.support.pagefactory.internal.LocatingElementHandler.invoke(LocatingElementHandler.java:39)
	at jdk.proxy2/jdk.proxy2.$Proxy18.isDisplayed(Unknown Source)
	at org.openqa.selenium.support.ui.ExpectedConditions.elementIfVisible(ExpectedConditions.java:307)
	at org.openqa.selenium.support.ui.ExpectedConditions.access$000(ExpectedConditions.java:40)
	at org.openqa.selenium.support.ui.ExpectedConditions$10.apply(ExpectedConditions.java:293)
	at org.openqa.selenium.support.ui.ExpectedConditions$10.apply(ExpectedConditions.java:290)
	at org.openqa.selenium.support.ui.ExpectedConditions$23.apply(ExpectedConditions.java:660)
	at org.openqa.selenium.support.ui.ExpectedConditions$23.apply(ExpectedConditions.java:656)
	at org.openqa.selenium.support.ui.FluentWait.until(FluentWait.java:208)
	... 31 more

</div> <!-- stack-trace -->
                </div> <!-- method-content -->
              </div> <!-- method -->
            </div> <!-- main-panel-content rounded-window-bottom -->
          </div> <!-- suite-Failed_suite__Sanity_Suite_-class-failed -->
          <div class="suite-Failed_suite__Sanity_Suite_-class-passed">
            <div class="main-panel-header rounded-window-top">
              <img src="passed.png"/>
              <span class="class-name">contentCreation.CreateCollectionsAndPublish</span>
            </div> <!-- main-panel-header rounded-window-top -->
            <div class="main-panel-content rounded-window-bottom">
              <div class="method">
                <div class="method-content">
                  <a name="VerifyCreatorCreateCollectionsAndSendForReviewAndPublish">
                  </a> <!-- VerifyCreatorCreateCollectionsAndSendForReviewAndPublish -->
                  <span class="method-name">VerifyCreatorCreateCollectionsAndSendForReviewAndPublish</span>
                </div> <!-- method-content -->
              </div> <!-- method -->
            </div> <!-- main-panel-content rounded-window-bottom -->
          </div> <!-- suite-Failed_suite__Sanity_Suite_-class-passed -->
          <div class="suite-Failed_suite__Sanity_Suite_-class-passed">
            <div class="main-panel-header rounded-window-top">
              <img src="passed.png"/>
              <span class="class-name">userOnBoarding.Guest_User</span>
            </div> <!-- main-panel-header rounded-window-top -->
            <div class="main-panel-content rounded-window-bottom">
              <div class="method">
                <div class="method-content">
                  <a name="VerifyIfTheGuestUserEditBMCValuesAndSave">
                  </a> <!-- VerifyIfTheGuestUserEditBMCValuesAndSave -->
                  <span class="method-name">VerifyIfTheGuestUserEditBMCValuesAndSave</span>
                </div> <!-- method-content -->
              </div> <!-- method -->
            </div> <!-- main-panel-content rounded-window-bottom -->
          </div> <!-- suite-Failed_suite__Sanity_Suite_-class-passed -->
          <div class="suite-Failed_suite__Sanity_Suite_-class-passed">
            <div class="main-panel-header rounded-window-top">
              <img src="passed.png"/>
              <span class="class-name">Consumption.ConsumptionScenarios</span>
            </div> <!-- main-panel-header rounded-window-top -->
            <div class="main-panel-content rounded-window-bottom">
              <div class="method">
                <div class="method-content">
                  <a name="VerifyUserIsAbleToGetTheCompletionCertificate">
                  </a> <!-- VerifyUserIsAbleToGetTheCompletionCertificate -->
                  <span class="method-name">VerifyUserIsAbleToGetTheCompletionCertificate</span>
                </div> <!-- method-content -->
              </div> <!-- method -->
              <div class="method">
                <div class="method-content">
                  <a name="checkCourseExpiryMessageForUser">
                  </a> <!-- checkCourseExpiryMessageForUser -->
                  <span class="method-name">checkCourseExpiryMessageForUser</span>
                </div> <!-- method-content -->
              </div> <!-- method -->
            </div> <!-- main-panel-content rounded-window-bottom -->
          </div> <!-- suite-Failed_suite__Sanity_Suite_-class-passed -->
          <div class="suite-Failed_suite__Sanity_Suite_-class-passed">
            <div class="main-panel-header rounded-window-top">
              <img src="passed.png"/>
              <span class="class-name">contentCreation.UploadAllContentsTypes</span>
            </div> <!-- main-panel-header rounded-window-top -->
            <div class="main-panel-content rounded-window-bottom">
              <div class="method">
                <div class="method-content">
                  <a name="uploadEpub">
                  </a> <!-- uploadEpub -->
                  <span class="method-name">uploadEpub</span>
                </div> <!-- method-content -->
              </div> <!-- method -->
              <div class="method">
                <div class="method-content">
                  <a name="uploadHtmlContent">
                  </a> <!-- uploadHtmlContent -->
                  <span class="method-name">uploadHtmlContent</span>
                </div> <!-- method-content -->
              </div> <!-- method -->
            </div> <!-- main-panel-content rounded-window-bottom -->
          </div> <!-- suite-Failed_suite__Sanity_Suite_-class-passed -->
          <div class="suite-Failed_suite__Sanity_Suite_-class-passed">
            <div class="main-panel-header rounded-window-top">
              <img src="passed.png"/>
              <span class="class-name">contentCreation.CreateCourseAndPublish</span>
            </div> <!-- main-panel-header rounded-window-top -->
            <div class="main-panel-content rounded-window-bottom">
              <div class="method">
                <div class="method-content">
                  <a name="userUnenrollsFromTheCourse">
                  </a> <!-- userUnenrollsFromTheCourse -->
                  <span class="method-name">userUnenrollsFromTheCourse</span>
                </div> <!-- method-content -->
              </div> <!-- method -->
            </div> <!-- main-panel-content rounded-window-bottom -->
          </div> <!-- suite-Failed_suite__Sanity_Suite_-class-passed -->
          <div class="suite-Failed_suite__Sanity_Suite_-class-passed">
            <div class="main-panel-header rounded-window-top">
              <img src="passed.png"/>
              <span class="class-name">contentCreation.ValidateGuestUserGettingLoginPopUp</span>
            </div> <!-- main-panel-header rounded-window-top -->
            <div class="main-panel-content rounded-window-bottom">
              <div class="method">
                <div class="method-content">
                  <a name="verifyGuestUserGettingLoginPopUpWhenClickedOnJoinCourseButtonForOpenBatch">
                  </a> <!-- verifyGuestUserGettingLoginPopUpWhenClickedOnJoinCourseButtonForOpenBatch -->
                  <span class="method-name">verifyGuestUserGettingLoginPopUpWhenClickedOnJoinCourseButtonForOpenBatch</span>
                </div> <!-- method-content -->
              </div> <!-- method -->
            </div> <!-- main-panel-content rounded-window-bottom -->
          </div> <!-- suite-Failed_suite__Sanity_Suite_-class-passed -->
        </div> <!-- panel Failed_suite__Sanity_Suite_ -->
        <div panel-name="test-xml-Failed_suite__Sanity_Suite_" class="panel">
          <div class="main-panel-header rounded-window-top">
            <span class="header-content">C:\Users\Admin\OneDrive - TRIGYN TECHNOLOGIES LIMITED\Desktop\Diksha_selenium_new(Vishwa)\Diksha_selenium_new(Vishwa)\test-output\testng-failed.xml</span>
          </div> <!-- main-panel-header rounded-window-top -->
          <div class="main-panel-content rounded-window-bottom">
            <pre>
&lt;?xml version=&quot;1.0&quot; encoding=&quot;UTF-8&quot;?&gt;
&lt;!DOCTYPE suite SYSTEM &quot;https://testng.org/testng-1.0.dtd&quot;&gt;
&lt;suite name=&quot;Failed suite [Sanity Suite]&quot; guice-stage=&quot;DEVELOPMENT&quot; verbose=&quot;2&quot;&gt;
  &lt;listeners&gt;
    &lt;listener class-name=&quot;utility.Listeners&quot;/&gt;
  &lt;/listeners&gt;
  &lt;test thread-count=&quot;5&quot; name=&quot;Test(failed)&quot; verbose=&quot;2&quot;&gt;
    &lt;classes&gt;
      &lt;class name=&quot;contentCreation.CreateCollectionsAndPublish&quot;&gt;
        &lt;methods&gt;
          &lt;include name=&quot;VerifyCreatorCreateCollectionsAndSendForReviewAndPublish&quot;/&gt;
          &lt;include name=&quot;BS&quot;/&gt;
          &lt;include name=&quot;Open&quot;/&gt;
          &lt;include name=&quot;Close&quot;/&gt;
        &lt;/methods&gt;
      &lt;/class&gt; &lt;!-- contentCreation.CreateCollectionsAndPublish --&gt;
      &lt;class name=&quot;contentCreation.CreateCourseAndPublish&quot;&gt;
        &lt;methods&gt;
          &lt;include name=&quot;userUnenrollsFromTheCourse&quot;/&gt;
          &lt;include name=&quot;verifyDiscussionForumForCourse&quot;/&gt;
          &lt;include name=&quot;BS&quot;/&gt;
          &lt;include name=&quot;Open&quot;/&gt;
          &lt;include name=&quot;Close&quot;/&gt;
        &lt;/methods&gt;
      &lt;/class&gt; &lt;!-- contentCreation.CreateCourseAndPublish --&gt;
      &lt;class name=&quot;Consumption.ConsumptionScenarios&quot;&gt;
        &lt;methods&gt;
          &lt;include name=&quot;BS&quot;/&gt;
          &lt;include name=&quot;VerifyUserIsAbleToGetTheCompletionCertificate&quot;/&gt;
          &lt;include name=&quot;checkCourseExpiryMessageForUser&quot;/&gt;
          &lt;include name=&quot;Open&quot;/&gt;
          &lt;include name=&quot;Close&quot;/&gt;
        &lt;/methods&gt;
      &lt;/class&gt; &lt;!-- Consumption.ConsumptionScenarios --&gt;
      &lt;class name=&quot;contentCreation.ValidateGuestUserGettingLoginPopUp&quot;&gt;
        &lt;methods&gt;
          &lt;include name=&quot;BS&quot;/&gt;
          &lt;include name=&quot;verifyGuestUserGettingLoginPopUpWhenClickedOnJoinCourseButtonForOpenBatch&quot;/&gt;
          &lt;include name=&quot;Open&quot;/&gt;
          &lt;include name=&quot;Close&quot;/&gt;
        &lt;/methods&gt;
      &lt;/class&gt; &lt;!-- contentCreation.ValidateGuestUserGettingLoginPopUp --&gt;
      &lt;class name=&quot;contentCreation.FacetFilter&quot;&gt;
        &lt;methods&gt;
          &lt;include name=&quot;VerifyFiltersResetToProfileBMCValueswhenNavigatedToOtherTab&quot;/&gt;
          &lt;include name=&quot;BS&quot;/&gt;
          &lt;include name=&quot;Open&quot;/&gt;
          &lt;include name=&quot;Close&quot;/&gt;
        &lt;/methods&gt;
      &lt;/class&gt; &lt;!-- contentCreation.FacetFilter --&gt;
      &lt;class name=&quot;userOnBoarding.Guest_User&quot;&gt;
        &lt;methods&gt;
          &lt;include name=&quot;BS&quot;/&gt;
          &lt;include name=&quot;verifyBMCS_Values_In_Diffrent_Tabs&quot;/&gt;
          &lt;include name=&quot;VerifyIfTheGuestUserEditBMCValuesAndSave&quot;/&gt;
          &lt;include name=&quot;Open&quot;/&gt;
          &lt;include name=&quot;Close&quot;/&gt;
        &lt;/methods&gt;
      &lt;/class&gt; &lt;!-- userOnBoarding.Guest_User --&gt;
      &lt;class name=&quot;contentCreation.CreateQuestionSetAndVerify&quot;&gt;
        &lt;methods&gt;
          &lt;include name=&quot;BS&quot;/&gt;
          &lt;include name=&quot;VerifyCreatorCreateTwoTypesOfQuestionSetAndSendForReview&quot;/&gt;
          &lt;include name=&quot;Open&quot;/&gt;
          &lt;include name=&quot;Close&quot;/&gt;
        &lt;/methods&gt;
      &lt;/class&gt; &lt;!-- contentCreation.CreateQuestionSetAndVerify --&gt;
      &lt;class name=&quot;contentCreation.CreateBookAndVerify&quot;&gt;
        &lt;methods&gt;
          &lt;include name=&quot;BS&quot;/&gt;
          &lt;include name=&quot;VerifyCreatorAddCollaboratorInTextbook&quot;/&gt;
          &lt;include name=&quot;Open&quot;/&gt;
          &lt;include name=&quot;VerifyCreatorAddAllTypesOfContent&quot;/&gt;
          &lt;include name=&quot;Close&quot;/&gt;
        &lt;/methods&gt;
      &lt;/class&gt; &lt;!-- contentCreation.CreateBookAndVerify --&gt;
      &lt;class name=&quot;contentCreation.UploadAllContentsTypes&quot;&gt;
        &lt;methods&gt;
          &lt;include name=&quot;BS&quot;/&gt;
          &lt;include name=&quot;Open&quot;/&gt;
          &lt;include name=&quot;uploadEpub&quot;/&gt;
          &lt;include name=&quot;uploadHtmlContent&quot;/&gt;
          &lt;include name=&quot;Close&quot;/&gt;
        &lt;/methods&gt;
      &lt;/class&gt; &lt;!-- contentCreation.UploadAllContentsTypes --&gt;
    &lt;/classes&gt;
  &lt;/test&gt; &lt;!-- Test(failed) --&gt;
&lt;/suite&gt; &lt;!-- Failed suite [Sanity Suite] --&gt;
            </pre>
          </div> <!-- main-panel-content rounded-window-bottom -->
        </div> <!-- panel -->
        <div panel-name="testlist-Failed_suite__Sanity_Suite_" class="panel">
          <div class="main-panel-header rounded-window-top">
            <span class="header-content">Tests for Failed suite [Sanity Suite]</span>
          </div> <!-- main-panel-header rounded-window-top -->
          <div class="main-panel-content rounded-window-bottom">
            <ul>
              <li>
                <span class="test-name">Test(failed) (9 classes)</span>
              </li>
            </ul>
          </div> <!-- main-panel-content rounded-window-bottom -->
        </div> <!-- panel -->
        <div panel-name="group-Failed_suite__Sanity_Suite_" class="panel">
          <div class="main-panel-header rounded-window-top">
            <span class="header-content">Groups for Failed suite [Sanity Suite]</span>
          </div> <!-- main-panel-header rounded-window-top -->
          <div class="main-panel-content rounded-window-bottom">
          </div> <!-- main-panel-content rounded-window-bottom -->
        </div> <!-- panel -->
        <div panel-name="times-Failed_suite__Sanity_Suite_" class="panel">
          <div class="main-panel-header rounded-window-top">
            <span class="header-content">Times for Failed suite [Sanity Suite]</span>
          </div> <!-- main-panel-header rounded-window-top -->
          <div class="main-panel-content rounded-window-bottom">
            <div class="times-div">
              <script type="text/javascript">
suiteTableInitFunctions.push('tableData_Failed_suite__Sanity_Suite_');
function tableData_Failed_suite__Sanity_Suite_() {
var data = new google.visualization.DataTable();
data.addColumn('number', 'Number');
data.addColumn('string', 'Method');
data.addColumn('string', 'Class');
data.addColumn('number', 'Time (ms)');
data.addRows(14);
data.setCell(0, 0, 0)
data.setCell(0, 1, 'VerifyUserIsAbleToGetTheCompletionCertificate')
data.setCell(0, 2, 'Consumption.ConsumptionScenarios')
data.setCell(0, 3, 172982);
data.setCell(1, 0, 1)
data.setCell(1, 1, 'verifyGuestUserGettingLoginPopUpWhenClickedOnJoinCourseButtonForOpenBatch')
data.setCell(1, 2, 'contentCreation.ValidateGuestUserGettingLoginPopUp')
data.setCell(1, 3, 144261);
data.setCell(2, 0, 2)
data.setCell(2, 1, 'userUnenrollsFromTheCourse')
data.setCell(2, 2, 'contentCreation.CreateCourseAndPublish')
data.setCell(2, 3, 139660);
data.setCell(3, 0, 3)
data.setCell(3, 1, 'checkCourseExpiryMessageForUser')
data.setCell(3, 2, 'Consumption.ConsumptionScenarios')
data.setCell(3, 3, 133384);
data.setCell(4, 0, 4)
data.setCell(4, 1, 'VerifyCreatorCreateTwoTypesOfQuestionSetAndSendForReview')
data.setCell(4, 2, 'contentCreation.CreateQuestionSetAndVerify')
data.setCell(4, 3, 99338);
data.setCell(5, 0, 5)
data.setCell(5, 1, 'uploadEpub')
data.setCell(5, 2, 'contentCreation.UploadAllContentsTypes')
data.setCell(5, 3, 75572);
data.setCell(6, 0, 6)
data.setCell(6, 1, 'uploadHtmlContent')
data.setCell(6, 2, 'contentCreation.UploadAllContentsTypes')
data.setCell(6, 3, 74168);
data.setCell(7, 0, 7)
data.setCell(7, 1, 'VerifyCreatorCreateCollectionsAndSendForReviewAndPublish')
data.setCell(7, 2, 'contentCreation.CreateCollectionsAndPublish')
data.setCell(7, 3, 74132);
data.setCell(8, 0, 8)
data.setCell(8, 1, 'VerifyCreatorAddCollaboratorInTextbook')
data.setCell(8, 2, 'contentCreation.CreateBookAndVerify')
data.setCell(8, 3, 65598);
data.setCell(9, 0, 9)
data.setCell(9, 1, 'verifyBMCS_Values_In_Diffrent_Tabs')
data.setCell(9, 2, 'userOnBoarding.Guest_User')
data.setCell(9, 3, 45608);
data.setCell(10, 0, 10)
data.setCell(10, 1, 'VerifyIfTheGuestUserEditBMCValuesAndSave')
data.setCell(10, 2, 'userOnBoarding.Guest_User')
data.setCell(10, 3, 34768);
data.setCell(11, 0, 11)
data.setCell(11, 1, 'VerifyCreatorAddAllTypesOfContent')
data.setCell(11, 2, 'contentCreation.CreateBookAndVerify')
data.setCell(11, 3, 30080);
data.setCell(12, 0, 12)
data.setCell(12, 1, 'VerifyFiltersResetToProfileBMCValueswhenNavigatedToOtherTab')
data.setCell(12, 2, 'contentCreation.FacetFilter')
data.setCell(12, 3, 25032);
data.setCell(13, 0, 13)
data.setCell(13, 1, 'verifyDiscussionForumForCourse')
data.setCell(13, 2, 'contentCreation.CreateCourseAndPublish')
data.setCell(13, 3, 22221);
window.suiteTableData['Failed_suite__Sanity_Suite_']= { tableData: data, tableDiv: 'times-div-Failed_suite__Sanity_Suite_'}
return data;
}
              </script>
              <span class="suite-total-time">Total running time: 18 minutes</span>
              <div id="times-div-Failed_suite__Sanity_Suite_">
              </div> <!-- times-div-Failed_suite__Sanity_Suite_ -->
            </div> <!-- times-div -->
          </div> <!-- main-panel-content rounded-window-bottom -->
        </div> <!-- panel -->
        <div panel-name="reporter-Failed_suite__Sanity_Suite_" class="panel">
          <div class="main-panel-header rounded-window-top">
            <span class="header-content">Reporter output for Failed suite [Sanity Suite]</span>
          </div> <!-- main-panel-header rounded-window-top -->
          <div class="main-panel-content rounded-window-bottom">
          </div> <!-- main-panel-content rounded-window-bottom -->
        </div> <!-- panel -->
        <div panel-name="ignored-methods-Failed_suite__Sanity_Suite_" class="panel">
          <div class="main-panel-header rounded-window-top">
            <span class="header-content">26 ignored methods</span>
          </div> <!-- main-panel-header rounded-window-top -->
          <div class="main-panel-content rounded-window-bottom">
            <div class="ignored-class-div">
              <span class="ignored-class-name">contentCreation.CreateBookAndVerify</span>
              <div class="ignored-methods-div">
                <span class="ignored-method-name">VerifyCreatorValidateQRCode</span>
                <br/>
                <span class="ignored-method-name">VerifyReviewerPreviewAndRejecteTextbook</span>
                <br/>
                <span class="ignored-method-name">VerifyCreatorGenerateAndDownloadQRCode</span>
                <br/>
                <span class="ignored-method-name">VerifyAdminUdpateTextbookDetailsForDraftBookAndlive</span>
                <br/>
                <span class="ignored-method-name">VerifyCreatorCopyeTextbookAndSendForReviewAndPublishTheContents</span>
                <br/>
              </div> <!-- ignored-methods-div -->
            </div> <!-- ignored-class-div -->
            <div class="ignored-class-div">
              <span class="ignored-class-name">userOnBoarding.Guest_User</span>
              <div class="ignored-methods-div">
                <span class="ignored-method-name">verifyDiffrentSectionsInHomeTab</span>
                <br/>
                <span class="ignored-method-name">verifyBMC_and_LocationPopUp_In_Profile_Section</span>
                <br/>
              </div> <!-- ignored-methods-div -->
            </div> <!-- ignored-class-div -->
            <div class="ignored-class-div">
              <span class="ignored-class-name">Consumption.ConsumptionScenarios</span>
              <div class="ignored-methods-div">
                <span class="ignored-method-name">VerifyUserClickOnViewAllAndCloseButtonForTheMyCoursesSectionAndCourseCardDetailIsDisplayed</span>
                <br/>
                <span class="ignored-method-name">searchTvLessonWithNameAndDoidAndConsume</span>
                <br/>
                <span class="ignored-method-name">searchETextbookWithNameAndDoidAndQRCode</span>
                <br/>
                <span class="ignored-method-name">VerifyUserIsAbleToGetTheMeritCertificate</span>
                <br/>
                <span class="ignored-method-name">VerifyUserSeeCeritificateCriteriaAndBatchDetailsInTheCourseTOC</span>
                <br/>
              </div> <!-- ignored-methods-div -->
            </div> <!-- ignored-class-div -->
            <div class="ignored-class-div">
              <span class="ignored-class-name">contentCreation.UploadAllContentsTypes</span>
              <div class="ignored-methods-div">
                <span class="ignored-method-name">uploadH5p</span>
                <br/>
                <span class="ignored-method-name">uploadMp4</span>
                <br/>
                <span class="ignored-method-name">uploadPdf</span>
                <br/>
                <span class="ignored-method-name">uploadWebm</span>
                <br/>
                <span class="ignored-method-name">uploadMoreThan50MbContent</span>
                <br/>
                <span class="ignored-method-name">uploadYTContent</span>
                <br/>
              </div> <!-- ignored-methods-div -->
            </div> <!-- ignored-class-div -->
            <div class="ignored-class-div">
              <span class="ignored-class-name">contentCreation.CreateCourseAndPublish</span>
              <div class="ignored-methods-div">
                <span class="ignored-method-name">verifyAddCourseAssessmentInCourse</span>
                <br/>
                <span class="ignored-method-name">verifyMentorCanCreateBatch</span>
                <br/>
                <span class="ignored-method-name">CreateBatchWithFutureDate</span>
                <br/>
                <span class="ignored-method-name">addMentorInCourseAndVerify</span>
                <br/>
                <span class="ignored-method-name">userJoinsTheCourse</span>
                <br/>
                <span class="ignored-method-name">verifyAddFromLibraryInCourse</span>
                <br/>
                <span class="ignored-method-name">verifyOnlyOneOpenBatch</span>
                <br/>
                <span class="ignored-method-name">createCourseSendForReviewAndPublish</span>
                <br/>
              </div> <!-- ignored-methods-div -->
            </div> <!-- ignored-class-div -->
          </div> <!-- main-panel-content rounded-window-bottom -->
        </div> <!-- panel -->
        <div panel-name="chronological-Failed_suite__Sanity_Suite_" class="panel">
          <div class="main-panel-header rounded-window-top">
            <span class="header-content">Methods in chronological order</span>
          </div> <!-- main-panel-header rounded-window-top -->
          <div class="main-panel-content rounded-window-bottom">
            <div class="chronological-class">
              <div class="chronological-class-name">contentCreation.CreateCollectionsAndPublish</div> <!-- chronological-class-name -->
              <div class="configuration-class before">
                <span class="method-name">BS</span>
                <span class="method-start">0 ms</span>
              </div> <!-- configuration-class before -->
              <div class="configuration-method before">
                <span class="method-name">Open</span>
                <span class="method-start">1168 ms</span>
              </div> <!-- configuration-method before -->
              <div class="test-method">
                <span class="method-name">VerifyCreatorCreateCollectionsAndSendForReviewAndPublish</span>
                <span class="method-start">12864 ms</span>
              </div> <!-- test-method -->
              <div class="configuration-method after">
                <span class="method-name">Close</span>
                <span class="method-start">87152 ms</span>
              </div> <!-- configuration-method after -->
            </div> <!-- chronological-class -->
            <div class="chronological-class">
              <div class="chronological-class-name">contentCreation.CreateCourseAndPublish</div> <!-- chronological-class-name -->
              <div class="configuration-class before">
                <span class="method-name">BS</span>
                <span class="method-start">87384 ms</span>
              </div> <!-- configuration-class before -->
              <div class="configuration-method before">
                <span class="method-name">Open</span>
                <span class="method-start">87598 ms</span>
              </div> <!-- configuration-method before -->
              <div class="test-method">
                <span class="method-name">userUnenrollsFromTheCourse</span>
                <span class="method-start">98294 ms</span>
              </div> <!-- test-method -->
              <div class="configuration-method after">
                <span class="method-name">Close</span>
                <span class="method-start">238108 ms</span>
              </div> <!-- configuration-method after -->
              <div class="configuration-method before">
                <span class="method-name">Open</span>
                <span class="method-start">238422 ms</span>
              </div> <!-- configuration-method before -->
              <div class="test-method">
                <img src="failed.png">
                </img>
                <span class="method-name">verifyDiscussionForumForCourse</span>
                <span class="method-start">246767 ms</span>
              </div> <!-- test-method -->
              <div class="configuration-method after">
                <span class="method-name">Close</span>
                <span class="method-start">269409 ms</span>
              </div> <!-- configuration-method after -->
            </div> <!-- chronological-class -->
            <div class="chronological-class">
              <div class="chronological-class-name">Consumption.ConsumptionScenarios</div> <!-- chronological-class-name -->
              <div class="configuration-class before">
                <span class="method-name">BS</span>
                <span class="method-start">269539 ms</span>
              </div> <!-- configuration-class before -->
              <div class="configuration-method before">
                <span class="method-name">Open</span>
                <span class="method-start">269664 ms</span>
              </div> <!-- configuration-method before -->
              <div class="test-method">
                <span class="method-name">VerifyUserIsAbleToGetTheCompletionCertificate</span>
                <span class="method-start">278638 ms</span>
              </div> <!-- test-method -->
              <div class="configuration-method after">
                <span class="method-name">Close</span>
                <span class="method-start">452207 ms</span>
              </div> <!-- configuration-method after -->
              <div class="configuration-method before">
                <span class="method-name">Open</span>
                <span class="method-start">452577 ms</span>
              </div> <!-- configuration-method before -->
              <div class="test-method">
                <span class="method-name">checkCourseExpiryMessageForUser</span>
                <span class="method-start">461408 ms</span>
              </div> <!-- test-method -->
              <div class="configuration-method after">
                <span class="method-name">Close</span>
                <span class="method-start">594915 ms</span>
              </div> <!-- configuration-method after -->
            </div> <!-- chronological-class -->
            <div class="chronological-class">
              <div class="chronological-class-name">contentCreation.ValidateGuestUserGettingLoginPopUp</div> <!-- chronological-class-name -->
              <div class="configuration-class before">
                <span class="method-name">BS</span>
                <span class="method-start">595209 ms</span>
              </div> <!-- configuration-class before -->
              <div class="configuration-method before">
                <span class="method-name">Open</span>
                <span class="method-start">595303 ms</span>
              </div> <!-- configuration-method before -->
              <div class="test-method">
                <span class="method-name">verifyGuestUserGettingLoginPopUpWhenClickedOnJoinCourseButtonForOpenBatch</span>
                <span class="method-start">604141 ms</span>
              </div> <!-- test-method -->
              <div class="configuration-method after">
                <span class="method-name">Close</span>
                <span class="method-start">748746 ms</span>
              </div> <!-- configuration-method after -->
            </div> <!-- chronological-class -->
            <div class="chronological-class">
              <div class="chronological-class-name">contentCreation.FacetFilter</div> <!-- chronological-class-name -->
              <div class="configuration-class before">
                <span class="method-name">BS</span>
                <span class="method-start">748997 ms</span>
              </div> <!-- configuration-class before -->
              <div class="configuration-method before">
                <span class="method-name">Open</span>
                <span class="method-start">749090 ms</span>
              </div> <!-- configuration-method before -->
              <div class="test-method">
                <img src="failed.png">
                </img>
                <span class="method-name">VerifyFiltersResetToProfileBMCValueswhenNavigatedToOtherTab</span>
                <span class="method-start">757775 ms</span>
              </div> <!-- test-method -->
              <div class="configuration-method after">
                <span class="method-name">Close</span>
                <span class="method-start">782913 ms</span>
              </div> <!-- configuration-method after -->
            </div> <!-- chronological-class -->
            <div class="chronological-class">
              <div class="chronological-class-name">userOnBoarding.Guest_User</div> <!-- chronological-class-name -->
              <div class="configuration-class before">
                <span class="method-name">BS</span>
                <span class="method-start">783101 ms</span>
              </div> <!-- configuration-class before -->
              <div class="configuration-method before">
                <span class="method-name">Open</span>
                <span class="method-start">783148 ms</span>
              </div> <!-- configuration-method before -->
              <div class="test-method">
                <img src="failed.png">
                </img>
                <span class="method-name">verifyBMCS_Values_In_Diffrent_Tabs</span>
                <span class="method-start">791614 ms</span>
              </div> <!-- test-method -->
              <div class="configuration-method after">
                <span class="method-name">Close</span>
                <span class="method-start">837352 ms</span>
              </div> <!-- configuration-method after -->
              <div class="configuration-method before">
                <span class="method-name">Open</span>
                <span class="method-start">837534 ms</span>
              </div> <!-- configuration-method before -->
              <div class="test-method">
                <span class="method-name">VerifyIfTheGuestUserEditBMCValuesAndSave</span>
                <span class="method-start">846749 ms</span>
              </div> <!-- test-method -->
              <div class="configuration-method after">
                <span class="method-name">Close</span>
                <span class="method-start">881705 ms</span>
              </div> <!-- configuration-method after -->
            </div> <!-- chronological-class -->
            <div class="chronological-class">
              <div class="chronological-class-name">contentCreation.CreateQuestionSetAndVerify</div> <!-- chronological-class-name -->
              <div class="configuration-class before">
                <span class="method-name">BS</span>
                <span class="method-start">881923 ms</span>
              </div> <!-- configuration-class before -->
              <div class="configuration-method before">
                <span class="method-name">Open</span>
                <span class="method-start">882035 ms</span>
              </div> <!-- configuration-method before -->
              <div class="test-method">
                <img src="failed.png">
                </img>
                <span class="method-name">VerifyCreatorCreateTwoTypesOfQuestionSetAndSendForReview</span>
                <span class="method-start">890454 ms</span>
              </div> <!-- test-method -->
              <div class="configuration-method after">
                <span class="method-name">Close</span>
                <span class="method-start">989962 ms</span>
              </div> <!-- configuration-method after -->
            </div> <!-- chronological-class -->
            <div class="chronological-class">
              <div class="chronological-class-name">contentCreation.CreateBookAndVerify</div> <!-- chronological-class-name -->
              <div class="configuration-class before">
                <span class="method-name">BS</span>
                <span class="method-start">990207 ms</span>
              </div> <!-- configuration-class before -->
              <div class="configuration-method before">
                <span class="method-name">Open</span>
                <span class="method-start">990262 ms</span>
              </div> <!-- configuration-method before -->
              <div class="test-method">
                <img src="failed.png">
                </img>
                <span class="method-name">VerifyCreatorAddCollaboratorInTextbook</span>
                <span class="method-start">998440 ms</span>
              </div> <!-- test-method -->
              <div class="configuration-method after">
                <span class="method-name">Close</span>
                <span class="method-start">1064133 ms</span>
              </div> <!-- configuration-method after -->
              <div class="configuration-method before">
                <span class="method-name">Open</span>
                <span class="method-start">1064307 ms</span>
              </div> <!-- configuration-method before -->
              <div class="test-method">
                <img src="failed.png">
                </img>
                <span class="method-name">VerifyCreatorAddAllTypesOfContent</span>
                <span class="method-start">1071061 ms</span>
              </div> <!-- test-method -->
              <div class="configuration-method after">
                <span class="method-name">Close</span>
                <span class="method-start">1101291 ms</span>
              </div> <!-- configuration-method after -->
            </div> <!-- chronological-class -->
            <div class="chronological-class">
              <div class="chronological-class-name">contentCreation.UploadAllContentsTypes</div> <!-- chronological-class-name -->
              <div class="configuration-class before">
                <span class="method-name">BS</span>
                <span class="method-start">1101518 ms</span>
              </div> <!-- configuration-class before -->
              <div class="configuration-method before">
                <span class="method-name">Open</span>
                <span class="method-start">1101581 ms</span>
              </div> <!-- configuration-method before -->
              <div class="test-method">
                <span class="method-name">uploadEpub</span>
                <span class="method-start">1110059 ms</span>
              </div> <!-- test-method -->
              <div class="configuration-method after">
                <span class="method-name">Close</span>
                <span class="method-start">1185736 ms</span>
              </div> <!-- configuration-method after -->
              <div class="configuration-method before">
                <span class="method-name">Open</span>
                <span class="method-start">1185991 ms</span>
              </div> <!-- configuration-method before -->
              <div class="test-method">
                <span class="method-name">uploadHtmlContent</span>
                <span class="method-start">1195048 ms</span>
              </div> <!-- test-method -->
              <div class="configuration-method after">
                <span class="method-name">Close</span>
                <span class="method-start">1269345 ms</span>
              </div> <!-- configuration-method after -->
          </div> <!-- main-panel-content rounded-window-bottom -->
        </div> <!-- panel -->
      </div> <!-- main-panel-root -->
    </div> <!-- wrapper -->
  </body>
<script type="text/javascript" src="testng-reports2.js"></script>
</html>
